__________________________________________________________________________

Mon Oct 16 15:13:33 MSK 2017

Free Memory: 47495 kB
Total Memory: 66176 kB

4 Command Line Args:
0:  -f
1:  /tmp/157543.tmp/mergeModuleLax11.properties
2:  -l
3:  en

java.class.path:
    /tmp/157543.tmp/SubInstaller1.zip
    /tmp/install.dir.31811/InstallerData
    /tmp/install.dir.31811/InstallerData/installer.zip

ZGUtil.CLASS_PATH:
    /tmp/157543.tmp/SubInstaller1.zip
    /tmp/install.dir.31811/InstallerData
    /tmp/install.dir.31811/InstallerData/installer.zip

sun.boot.class.path:
    /tmp/install.dir.31811/Linux/resource/jre/jre/lib/amd64/compressedrefs/jclSC170/vm.jar
    /tmp/install.dir.31811/Linux/resource/jre/jre/lib/se-service.jar
    /tmp/install.dir.31811/Linux/resource/jre/jre/lib/math.jar
    /tmp/install.dir.31811/Linux/resource/jre/jre/lib/jlm.jar
    /tmp/install.dir.31811/Linux/resource/jre/jre/lib/ibmorb.jar
    /tmp/install.dir.31811/Linux/resource/jre/jre/lib/ibmorbapi.jar
    /tmp/install.dir.31811/Linux/resource/jre/jre/lib/ibmcfw.jar
    /tmp/install.dir.31811/Linux/resource/jre/jre/lib/ibmpkcs.jar
    /tmp/install.dir.31811/Linux/resource/jre/jre/lib/ibmcertpathfw.jar
    /tmp/install.dir.31811/Linux/resource/jre/jre/lib/ibmjgssfw.jar
    /tmp/install.dir.31811/Linux/resource/jre/jre/lib/ibmjssefw.jar
    /tmp/install.dir.31811/Linux/resource/jre/jre/lib/ibmsaslfw.jar
    /tmp/install.dir.31811/Linux/resource/jre/jre/lib/ibmjcefw.jar
    /tmp/install.dir.31811/Linux/resource/jre/jre/lib/ibmjgssprovider.jar
    /tmp/install.dir.31811/Linux/resource/jre/jre/lib/ibmjsseprovider2.jar
    /tmp/install.dir.31811/Linux/resource/jre/jre/lib/ibmcertpathprovider.jar
    /tmp/install.dir.31811/Linux/resource/jre/jre/lib/xmldsigfw.jar
    /tmp/install.dir.31811/Linux/resource/jre/jre/lib/xml.jar
    /tmp/install.dir.31811/Linux/resource/jre/jre/lib/charsets.jar
    /tmp/install.dir.31811/Linux/resource/jre/jre/lib/resources.jar
    /tmp/install.dir.31811/Linux/resource/jre/jre/lib/rt.jar

java.ext.dirs:
    /tmp/install.dir.31811/Linux/resource/jre/jre/lib/ext

java.version                  == 1.7.0 (Java 1)
java.vm.name                  == IBM J9 VM
java.vm.vendor                == IBM Corporation
java.vm.version               == 2.6
java.vm.specification.name    == Java Virtual Machine Specification
java.vm.specification.vendor  == Sun Microsystems Inc.
java.vm.specification.version == 1.0
java.specification.name       == Java Platform API Specification
java.specification.vendor     == Sun Microsystems Inc.
java.specification.version    == 1.7
java.vendor                   == IBM Corporation
java.vendor.url               == http://www.ibm.com/
java.class.version            == 51.0
java.library.path             == /tmp/install.dir.31811/Linux/resource/jre/jre/lib/amd64/compressedrefs:/tmp/install.dir.31811/Linux/resource/jre/jre/lib/amd64:/usr/lib
java.compiler                 == j9jit26
java.home                     == /tmp/install.dir.31811/Linux/resource/jre/jre
java.io.tmpdir                == /tmp
os.name                       == Linux
os.arch                       == amd64
os.version                    == 4.10.0-37-generic
path.separator                == :
file.separator                == /
file.encoding                 == UTF-8
user.name                     == root
user.home                     == /root
user.dir                      == /tmp/157543.tmp
user.language                 == en
user.region                   == null
__________________________________________________________________________

Installed Feature(s) GLS, GLS-WEURAM, GLS-EEUR, GLS-JPN, GLS-KOR, GLS-CHN, GLS-OTH of Global Language Support

Install Begin: OCTOBER 16, 2017 3:13:28 PM MSK
Install End: OCTOBER 16, 2017 3:13:32 PM MSK

Installed by InstallAnywhere 16.5 Premier Build 4860


User Interactions
-----------------


Summary
-------

Installation: Successful.

754 Successes
0 Warnings
0 NonFatalErrors
0 FatalErrors

Action Notes:

None

Install Log Detail:

Check Disk Space:         /opt/informix
                          Status: SUCCESSFUL
                          Additional Notes: NOTE - Required Disk Space: 59,459,806; Free Disk Space: 194,190,864,384

Install Directory:        /opt/informix/
                          Status: SUCCESSFUL
                          Additional Notes: NOTE - Directory already existed

Install File:             /opt/informix/./gls/cm3/016c.cmo
                          Status: SUCCESSFUL

Install File:             /opt/informix/./gls/cm3/0333.cmo
                          Status: SUCCESSFUL

Install File:             /opt/informix/./gls/cm3/0352.cmo
                          Status: SUCCESSFUL

Install File:             /opt/informix/./gls/cm3/0354.cmo
                          Status: SUCCESSFUL

Install File:             /opt/informix/./gls/cm3/035a.cmo
                          Status: SUCCESSFUL

Install File:             /opt/informix/./gls/cm3/0362.cmo
                          Status: SUCCESSFUL

Install File:             /opt/informix/./gls/cm3/0390.cmo
                          Status: SUCCESSFUL

Install File:             /opt/informix/./gls/cm3/0393.cmo
                          Status: SUCCESSFUL

Install File:             /opt/informix/./gls/cm3/03a4.cmo
                          Status: SUCCESSFUL

Install File:             /opt/informix/./gls/cm3/03b5.cmo
                          Status: SUCCESSFUL

Install File:             /opt/informix/./gls/cm3/03f3.cmo
                          Status: SUCCESSFUL

Install File:             /opt/informix/./gls/cm3/03f9.cmo
                          Status: SUCCESSFUL

Install File:             /opt/informix/./gls/cm3/0495.cmo
                          Status: SUCCESSFUL

Install File:             /opt/informix/./gls/cm3/04e2.cmo
                          Status: SUCCESSFUL

Install File:             /opt/informix/./gls/cm3/04e3.cmo
                          Status: SUCCESSFUL

Install File:             /opt/informix/./gls/cm3/04e4.cmo
                          Status: SUCCESSFUL

Install File:             /opt/informix/./gls/cm3/1570.cmo
                          Status: SUCCESSFUL

Install File:             /opt/informix/./gls/cm3/e005.cmo
                          Status: SUCCESSFUL

Install File:             /opt/informix/./gls/cm3/e006.cmo
                          Status: SUCCESSFUL

Install File:             /opt/informix/./gls/cm3/e007.cmo
                          Status: SUCCESSFUL

Install File:             /opt/informix/./gls/cm3/e008.cmo
                          Status: SUCCESSFUL

Install File:             /opt/informix/./gls/cm3/e009.cmo
                          Status: SUCCESSFUL

Install File:             /opt/informix/./gls/cm3/e00a.cmo
                          Status: SUCCESSFUL

Install File:             /opt/informix/./gls/cm3/e00c.cmo
                          Status: SUCCESSFUL

Install File:             /opt/informix/./gls/cm3/e00d.cmo
                          Status: SUCCESSFUL

Install File:             /opt/informix/./gls/cm3/e01c.cmo
                          Status: SUCCESSFUL

Install File:             /opt/informix/./gls/cm3/e01d.cmo
                          Status: SUCCESSFUL

Install File:             /opt/informix/./gls/cm3/e01f.cmo
                          Status: SUCCESSFUL

Install File:             /opt/informix/./gls/cm3/e026.cmo
                          Status: SUCCESSFUL

Install File:             /opt/informix/./gls/cm3/e027.cmo
                          Status: SUCCESSFUL

Install File:             /opt/informix/./gls/cm3/e028.cmo
                          Status: SUCCESSFUL

Install File:             /opt/informix/./gls/cm3/e02f.cmo
                          Status: SUCCESSFUL

Install File:             /opt/informix/./gls/cm3/e030.cmo
                          Status: SUCCESSFUL

Install File:             /opt/informix/./gls/cm3/registry
                          Status: SUCCESSFUL

Install File:             /opt/informix/./gls/cv9/016c0333.cvo
                          Status: SUCCESSFUL

Install File:             /opt/informix/./gls/cv9/016c0352.cvo
                          Status: SUCCESSFUL

Install File:             /opt/informix/./gls/cv9/016c0354.cvo
                          Status: SUCCESSFUL

Install File:             /opt/informix/./gls/cv9/016c035a.cvo
                          Status: SUCCESSFUL

Install File:             /opt/informix/./gls/cv9/016c0390.cvo
                          Status: SUCCESSFUL

Install File:             /opt/informix/./gls/cv9/016c03f3.cvo
                          Status: SUCCESSFUL

Install File:             /opt/informix/./gls/cv9/016c04e2.cvo
                          Status: SUCCESSFUL

Install File:             /opt/informix/./gls/cv9/016c04e4.cvo
                          Status: SUCCESSFUL

Install File:             /opt/informix/./gls/cv9/016ce005.cvo
                          Status: SUCCESSFUL

Install File:             /opt/informix/./gls/cv9/016ce01c.cvo
                          Status: SUCCESSFUL

Install File:             /opt/informix/./gls/cv9/016ce027.cvo
                          Status: SUCCESSFUL

Install File:             /opt/informix/./gls/cv9/016ce028.cvo
                          Status: SUCCESSFUL

Install File:             /opt/informix/./gls/cv9/016ce02f.cvo
                          Status: SUCCESSFUL

Install File:             /opt/informix/./gls/cv9/016ce030.cvo
                          Status: SUCCESSFUL

Install File:             /opt/informix/./gls/cv9/01a4e005.cvo
                          Status: SUCCESSFUL

Install File:             /opt/informix/./gls/cv9/01a4e01c.cvo
                          Status: SUCCESSFUL

Install File:             /opt/informix/./gls/cv9/01a4e030.cvo
                          Status: SUCCESSFUL

Install File:             /opt/informix/./gls/cv9/01f4e005.cvo
                          Status: SUCCESSFUL

Install File:             /opt/informix/./gls/cv9/01f4e01c.cvo
                          Status: SUCCESSFUL

Install File:             /opt/informix/./gls/cv9/01f4e030.cvo
                          Status: SUCCESSFUL

Install File:             /opt/informix/./gls/cv9/02c4e005.cvo
                          Status: SUCCESSFUL

Install File:             /opt/informix/./gls/cv9/02c4e01c.cvo
                          Status: SUCCESSFUL

Install File:             /opt/informix/./gls/cv9/02c4e030.cvo
                          Status: SUCCESSFUL

Install File:             /opt/informix/./gls/cv9/02c5e005.cvo
                          Status: SUCCESSFUL

Install File:             /opt/informix/./gls/cv9/02c5e01c.cvo
                          Status: SUCCESSFUL

Install File:             /opt/informix/./gls/cv9/02c5e030.cvo
                          Status: SUCCESSFUL

Install File:             /opt/informix/./gls/cv9/0307e005.cvo
                          Status: SUCCESSFUL

Install File:             /opt/informix/./gls/cv9/0307e01c.cvo
                          Status: SUCCESSFUL

Install File:             /opt/informix/./gls/cv9/0307e030.cvo
                          Status: SUCCESSFUL

Install File:             /opt/informix/./gls/cv9/032de005.cvo
                          Status: SUCCESSFUL

Install File:             /opt/informix/./gls/cv9/032de01c.cvo
                          Status: SUCCESSFUL

Install File:             /opt/informix/./gls/cv9/032de030.cvo
                          Status: SUCCESSFUL

Install File:             /opt/informix/./gls/cv9/0333016c.cvo
                          Status: SUCCESSFUL

Install File:             /opt/informix/./gls/cv9/03330352.cvo
                          Status: SUCCESSFUL

Install File:             /opt/informix/./gls/cv9/033304e4.cvo
                          Status: SUCCESSFUL

Install File:             /opt/informix/./gls/cv9/0333e005.cvo
                          Status: SUCCESSFUL

Install File:             /opt/informix/./gls/cv9/0333e01c.cvo
                          Status: SUCCESSFUL

Install File:             /opt/informix/./gls/cv9/0333e02f.cvo
                          Status: SUCCESSFUL

Install File:             /opt/informix/./gls/cv9/0333e030.cvo
                          Status: SUCCESSFUL

Install File:             /opt/informix/./gls/cv9/0352016c.cvo
                          Status: SUCCESSFUL

Install File:             /opt/informix/./gls/cv9/03520333.cvo
                          Status: SUCCESSFUL

Install File:             /opt/informix/./gls/cv9/035204e4.cvo
                          Status: SUCCESSFUL

Install File:             /opt/informix/./gls/cv9/0352e005.cvo
                          Status: SUCCESSFUL

Install File:             /opt/informix/./gls/cv9/0352e01c.cvo
                          Status: SUCCESSFUL

Install File:             /opt/informix/./gls/cv9/0352e02f.cvo
                          Status: SUCCESSFUL

Install File:             /opt/informix/./gls/cv9/0352e030.cvo
                          Status: SUCCESSFUL

Install File:             /opt/informix/./gls/cv9/0354016c.cvo
                          Status: SUCCESSFUL

Install File:             /opt/informix/./gls/cv9/0354e005.cvo
                          Status: SUCCESSFUL

Install File:             /opt/informix/./gls/cv9/0354e01c.cvo
                          Status: SUCCESSFUL

Install File:             /opt/informix/./gls/cv9/0354e030.cvo
                          Status: SUCCESSFUL

Install File:             /opt/informix/./gls/cv9/0359e005.cvo
                          Status: SUCCESSFUL

Install File:             /opt/informix/./gls/cv9/0359e030.cvo
                          Status: SUCCESSFUL

Install File:             /opt/informix/./gls/cv9/035a016c.cvo
                          Status: SUCCESSFUL

Install File:             /opt/informix/./gls/cv9/035ae005.cvo
                          Status: SUCCESSFUL

Install File:             /opt/informix/./gls/cv9/035ae01c.cvo
                          Status: SUCCESSFUL

Install File:             /opt/informix/./gls/cv9/035ae030.cvo
                          Status: SUCCESSFUL

Install File:             /opt/informix/./gls/cv9/0360e005.cvo
                          Status: SUCCESSFUL

Install File:             /opt/informix/./gls/cv9/0360e01c.cvo
                          Status: SUCCESSFUL

Install File:             /opt/informix/./gls/cv9/0360e030.cvo
                          Status: SUCCESSFUL

Install File:             /opt/informix/./gls/cv9/0362e005.cvo
                          Status: SUCCESSFUL

Install File:             /opt/informix/./gls/cv9/0362e01c.cvo
                          Status: SUCCESSFUL

Install File:             /opt/informix/./gls/cv9/0362e030.cvo
                          Status: SUCCESSFUL

Install File:             /opt/informix/./gls/cv9/0390016c.cvo
                          Status: SUCCESSFUL

Install File:             /opt/informix/./gls/cv9/0390e005.cvo
                          Status: SUCCESSFUL

Install File:             /opt/informix/./gls/cv9/0390e01c.cvo
                          Status: SUCCESSFUL

Install File:             /opt/informix/./gls/cv9/0390e030.cvo
                          Status: SUCCESSFUL

Install File:             /opt/informix/./gls/cv9/0393e005.cvo
                          Status: SUCCESSFUL

Install File:             /opt/informix/./gls/cv9/0393e01c.cvo
                          Status: SUCCESSFUL

Install File:             /opt/informix/./gls/cv9/0393e030.cvo
                          Status: SUCCESSFUL

Install File:             /opt/informix/./gls/cv9/0394e005.cvo
                          Status: SUCCESSFUL

Install File:             /opt/informix/./gls/cv9/0394e01c.cvo
                          Status: SUCCESSFUL

Install File:             /opt/informix/./gls/cv9/0394e030.cvo
                          Status: SUCCESSFUL

Install File:             /opt/informix/./gls/cv9/0398e005.cvo
                          Status: SUCCESSFUL

Install File:             /opt/informix/./gls/cv9/0398e01c.cvo
                          Status: SUCCESSFUL

Install File:             /opt/informix/./gls/cv9/0398e030.cvo
                          Status: SUCCESSFUL

Install File:             /opt/informix/./gls/cv9/03a4e005.cvo
                          Status: SUCCESSFUL

Install File:             /opt/informix/./gls/cv9/03a4e01c.cvo
                          Status: SUCCESSFUL

Install File:             /opt/informix/./gls/cv9/03a4e030.cvo
                          Status: SUCCESSFUL

Install File:             /opt/informix/./gls/cv9/03b5e005.cvo
                          Status: SUCCESSFUL

Install File:             /opt/informix/./gls/cv9/03b5e01c.cvo
                          Status: SUCCESSFUL

Install File:             /opt/informix/./gls/cv9/03b5e030.cvo
                          Status: SUCCESSFUL

Install File:             /opt/informix/./gls/cv9/03f3016c.cvo
                          Status: SUCCESSFUL

Install File:             /opt/informix/./gls/cv9/03f3e005.cvo
                          Status: SUCCESSFUL

Install File:             /opt/informix/./gls/cv9/03f3e01c.cvo
                          Status: SUCCESSFUL

Install File:             /opt/informix/./gls/cv9/03f3e030.cvo
                          Status: SUCCESSFUL

Install File:             /opt/informix/./gls/cv9/03f9e005.cvo
                          Status: SUCCESSFUL

Install File:             /opt/informix/./gls/cv9/03f9e01c.cvo
                          Status: SUCCESSFUL

Install File:             /opt/informix/./gls/cv9/03f9e030.cvo
                          Status: SUCCESSFUL

Install File:             /opt/informix/./gls/cv9/0416e005.cvo
                          Status: SUCCESSFUL

Install File:             /opt/informix/./gls/cv9/0416e01c.cvo
                          Status: SUCCESSFUL

Install File:             /opt/informix/./gls/cv9/0416e030.cvo
                          Status: SUCCESSFUL

Install File:             /opt/informix/./gls/cv9/0441e005.cvo
                          Status: SUCCESSFUL

Install File:             /opt/informix/./gls/cv9/0441e01c.cvo
                          Status: SUCCESSFUL

Install File:             /opt/informix/./gls/cv9/0441e030.cvo
                          Status: SUCCESSFUL

Install File:             /opt/informix/./gls/cv9/0495e005.cvo
                          Status: SUCCESSFUL

Install File:             /opt/informix/./gls/cv9/0495e01c.cvo
                          Status: SUCCESSFUL

Install File:             /opt/informix/./gls/cv9/0495e030.cvo
                          Status: SUCCESSFUL

Install File:             /opt/informix/./gls/cv9/04e2016c.cvo
                          Status: SUCCESSFUL

Install File:             /opt/informix/./gls/cv9/04e2e005.cvo
                          Status: SUCCESSFUL

Install File:             /opt/informix/./gls/cv9/04e2e01c.cvo
                          Status: SUCCESSFUL

Install File:             /opt/informix/./gls/cv9/04e2e030.cvo
                          Status: SUCCESSFUL

Install File:             /opt/informix/./gls/cv9/04e3e005.cvo
                          Status: SUCCESSFUL

Install File:             /opt/informix/./gls/cv9/04e3e01c.cvo
                          Status: SUCCESSFUL

Install File:             /opt/informix/./gls/cv9/04e3e030.cvo
                          Status: SUCCESSFUL

Install File:             /opt/informix/./gls/cv9/04e4016c.cvo
                          Status: SUCCESSFUL

Install File:             /opt/informix/./gls/cv9/04e40333.cvo
                          Status: SUCCESSFUL

Install File:             /opt/informix/./gls/cv9/04e40352.cvo
                          Status: SUCCESSFUL

Install File:             /opt/informix/./gls/cv9/04e4e005.cvo
                          Status: SUCCESSFUL

Install File:             /opt/informix/./gls/cv9/04e4e01c.cvo
                          Status: SUCCESSFUL

Install File:             /opt/informix/./gls/cv9/04e4e02f.cvo
                          Status: SUCCESSFUL

Install File:             /opt/informix/./gls/cv9/04e4e030.cvo
                          Status: SUCCESSFUL

Install File:             /opt/informix/./gls/cv9/04e5e005.cvo
                          Status: SUCCESSFUL

Install File:             /opt/informix/./gls/cv9/04e5e01c.cvo
                          Status: SUCCESSFUL

Install File:             /opt/informix/./gls/cv9/04e5e030.cvo
                          Status: SUCCESSFUL

Install File:             /opt/informix/./gls/cv9/04e6e005.cvo
                          Status: SUCCESSFUL

Install File:             /opt/informix/./gls/cv9/04e6e01c.cvo
                          Status: SUCCESSFUL

Install File:             /opt/informix/./gls/cv9/04e6e030.cvo
                          Status: SUCCESSFUL

Install File:             /opt/informix/./gls/cv9/04e7e005.cvo
                          Status: SUCCESSFUL

Install File:             /opt/informix/./gls/cv9/04e7e01c.cvo
                          Status: SUCCESSFUL

Install File:             /opt/informix/./gls/cv9/04e7e030.cvo
                          Status: SUCCESSFUL

Install File:             /opt/informix/./gls/cv9/04e8e005.cvo
                          Status: SUCCESSFUL

Install File:             /opt/informix/./gls/cv9/04e8e01c.cvo
                          Status: SUCCESSFUL

Install File:             /opt/informix/./gls/cv9/04e8e030.cvo
                          Status: SUCCESSFUL

Install File:             /opt/informix/./gls/cv9/04e9e005.cvo
                          Status: SUCCESSFUL

Install File:             /opt/informix/./gls/cv9/04e9e01c.cvo
                          Status: SUCCESSFUL

Install File:             /opt/informix/./gls/cv9/04e9e030.cvo
                          Status: SUCCESSFUL

Install File:             /opt/informix/./gls/cv9/04eae005.cvo
                          Status: SUCCESSFUL

Install File:             /opt/informix/./gls/cv9/04eae01c.cvo
                          Status: SUCCESSFUL

Install File:             /opt/informix/./gls/cv9/04eae030.cvo
                          Status: SUCCESSFUL

Install File:             /opt/informix/./gls/cv9/1570e005.cvo
                          Status: SUCCESSFUL

Install File:             /opt/informix/./gls/cv9/1570e01c.cvo
                          Status: SUCCESSFUL

Install File:             /opt/informix/./gls/cv9/1570e030.cvo
                          Status: SUCCESSFUL

Install File:             /opt/informix/./gls/cv9/e002e005.cvo
                          Status: SUCCESSFUL

Install File:             /opt/informix/./gls/cv9/e002e01c.cvo
                          Status: SUCCESSFUL

Install File:             /opt/informix/./gls/cv9/e002e030.cvo
                          Status: SUCCESSFUL

Install File:             /opt/informix/./gls/cv9/e003e005.cvo
                          Status: SUCCESSFUL

Install File:             /opt/informix/./gls/cv9/e003e01c.cvo
                          Status: SUCCESSFUL

Install File:             /opt/informix/./gls/cv9/e003e030.cvo
                          Status: SUCCESSFUL

Install File:             /opt/informix/./gls/cv9/e005016c.cvo
                          Status: SUCCESSFUL

Install File:             /opt/informix/./gls/cv9/e00501a4.cvo
                          Status: SUCCESSFUL

Install File:             /opt/informix/./gls/cv9/e00501f4.cvo
                          Status: SUCCESSFUL

Install File:             /opt/informix/./gls/cv9/e00502c4.cvo
                          Status: SUCCESSFUL

Install File:             /opt/informix/./gls/cv9/e00502c5.cvo
                          Status: SUCCESSFUL

Install File:             /opt/informix/./gls/cv9/e0050307.cvo
                          Status: SUCCESSFUL

Install File:             /opt/informix/./gls/cv9/e005032d.cvo
                          Status: SUCCESSFUL

Install File:             /opt/informix/./gls/cv9/e0050333.cvo
                          Status: SUCCESSFUL

Install File:             /opt/informix/./gls/cv9/e0050352.cvo
                          Status: SUCCESSFUL

Install File:             /opt/informix/./gls/cv9/e0050354.cvo
                          Status: SUCCESSFUL

Install File:             /opt/informix/./gls/cv9/e0050359.cvo
                          Status: SUCCESSFUL

Install File:             /opt/informix/./gls/cv9/e005035a.cvo
                          Status: SUCCESSFUL

Install File:             /opt/informix/./gls/cv9/e0050360.cvo
                          Status: SUCCESSFUL

Install File:             /opt/informix/./gls/cv9/e0050362.cvo
                          Status: SUCCESSFUL

Install File:             /opt/informix/./gls/cv9/e0050390.cvo
                          Status: SUCCESSFUL

Install File:             /opt/informix/./gls/cv9/e0050393.cvo
                          Status: SUCCESSFUL

Install File:             /opt/informix/./gls/cv9/e0050394.cvo
                          Status: SUCCESSFUL

Install File:             /opt/informix/./gls/cv9/e0050398.cvo
                          Status: SUCCESSFUL

Install File:             /opt/informix/./gls/cv9/e00503a4.cvo
                          Status: SUCCESSFUL

Install File:             /opt/informix/./gls/cv9/e00503b5.cvo
                          Status: SUCCESSFUL

Install File:             /opt/informix/./gls/cv9/e00503f3.cvo
                          Status: SUCCESSFUL

Install File:             /opt/informix/./gls/cv9/e00503f9.cvo
                          Status: SUCCESSFUL

Install File:             /opt/informix/./gls/cv9/e0050416.cvo
                          Status: SUCCESSFUL

Install File:             /opt/informix/./gls/cv9/e0050441.cvo
                          Status: SUCCESSFUL

Install File:             /opt/informix/./gls/cv9/e0050495.cvo
                          Status: SUCCESSFUL

Install File:             /opt/informix/./gls/cv9/e00504e2.cvo
                          Status: SUCCESSFUL

Install File:             /opt/informix/./gls/cv9/e00504e3.cvo
                          Status: SUCCESSFUL

Install File:             /opt/informix/./gls/cv9/e00504e4.cvo
                          Status: SUCCESSFUL

Install File:             /opt/informix/./gls/cv9/e00504e5.cvo
                          Status: SUCCESSFUL

Install File:             /opt/informix/./gls/cv9/e00504e6.cvo
                          Status: SUCCESSFUL

Install File:             /opt/informix/./gls/cv9/e00504e7.cvo
                          Status: SUCCESSFUL

Install File:             /opt/informix/./gls/cv9/e00504e8.cvo
                          Status: SUCCESSFUL

Install File:             /opt/informix/./gls/cv9/e00504e9.cvo
                          Status: SUCCESSFUL

Install File:             /opt/informix/./gls/cv9/e00504ea.cvo
                          Status: SUCCESSFUL

Install File:             /opt/informix/./gls/cv9/e0051570.cvo
                          Status: SUCCESSFUL

Install File:             /opt/informix/./gls/cv9/e005e002.cvo
                          Status: SUCCESSFUL

Install File:             /opt/informix/./gls/cv9/e005e003.cvo
                          Status: SUCCESSFUL

Install File:             /opt/informix/./gls/cv9/e005e006.cvo
                          Status: SUCCESSFUL

Install File:             /opt/informix/./gls/cv9/e005e007.cvo
                          Status: SUCCESSFUL

Install File:             /opt/informix/./gls/cv9/e005e008.cvo
                          Status: SUCCESSFUL

Install File:             /opt/informix/./gls/cv9/e005e009.cvo
                          Status: SUCCESSFUL

Install File:             /opt/informix/./gls/cv9/e005e00c.cvo
                          Status: SUCCESSFUL

Install File:             /opt/informix/./gls/cv9/e005e00d.cvo
                          Status: SUCCESSFUL

Install File:             /opt/informix/./gls/cv9/e005e01a.cvo
                          Status: SUCCESSFUL

Install File:             /opt/informix/./gls/cv9/e005e01c.cvo
                          Status: SUCCESSFUL

Install File:             /opt/informix/./gls/cv9/e005e01d.cvo
                          Status: SUCCESSFUL

Install File:             /opt/informix/./gls/cv9/e005e01f.cvo
                          Status: SUCCESSFUL

Install File:             /opt/informix/./gls/cv9/e005e026.cvo
                          Status: SUCCESSFUL

Install File:             /opt/informix/./gls/cv9/e005e027.cvo
                          Status: SUCCESSFUL

Install File:             /opt/informix/./gls/cv9/e005e028.cvo
                          Status: SUCCESSFUL

Install File:             /opt/informix/./gls/cv9/e005e02d.cvo
                          Status: SUCCESSFUL

Install File:             /opt/informix/./gls/cv9/e005e02e.cvo
                          Status: SUCCESSFUL

Install File:             /opt/informix/./gls/cv9/e005e02f.cvo
                          Status: SUCCESSFUL

Install File:             /opt/informix/./gls/cv9/e005e030.cvo
                          Status: SUCCESSFUL

Install File:             /opt/informix/./gls/cv9/e005e031.cvo
                          Status: SUCCESSFUL

Install File:             /opt/informix/./gls/cv9/e006e005.cvo
                          Status: SUCCESSFUL

Install File:             /opt/informix/./gls/cv9/e006e01c.cvo
                          Status: SUCCESSFUL

Install File:             /opt/informix/./gls/cv9/e006e030.cvo
                          Status: SUCCESSFUL

Install File:             /opt/informix/./gls/cv9/e007e005.cvo
                          Status: SUCCESSFUL

Install File:             /opt/informix/./gls/cv9/e007e01c.cvo
                          Status: SUCCESSFUL

Install File:             /opt/informix/./gls/cv9/e007e030.cvo
                          Status: SUCCESSFUL

Install File:             /opt/informix/./gls/cv9/e008e005.cvo
                          Status: SUCCESSFUL

Install File:             /opt/informix/./gls/cv9/e008e01c.cvo
                          Status: SUCCESSFUL

Install File:             /opt/informix/./gls/cv9/e008e030.cvo
                          Status: SUCCESSFUL

Install File:             /opt/informix/./gls/cv9/e009e005.cvo
                          Status: SUCCESSFUL

Install File:             /opt/informix/./gls/cv9/e009e01c.cvo
                          Status: SUCCESSFUL

Install File:             /opt/informix/./gls/cv9/e009e030.cvo
                          Status: SUCCESSFUL

Install File:             /opt/informix/./gls/cv9/e00ce005.cvo
                          Status: SUCCESSFUL

Install File:             /opt/informix/./gls/cv9/e00ce01c.cvo
                          Status: SUCCESSFUL

Install File:             /opt/informix/./gls/cv9/e00ce030.cvo
                          Status: SUCCESSFUL

Install File:             /opt/informix/./gls/cv9/e00de005.cvo
                          Status: SUCCESSFUL

Install File:             /opt/informix/./gls/cv9/e00de01c.cvo
                          Status: SUCCESSFUL

Install File:             /opt/informix/./gls/cv9/e00de030.cvo
                          Status: SUCCESSFUL

Install File:             /opt/informix/./gls/cv9/e01ae005.cvo
                          Status: SUCCESSFUL

Install File:             /opt/informix/./gls/cv9/e01ae01c.cvo
                          Status: SUCCESSFUL

Install File:             /opt/informix/./gls/cv9/e01ae030.cvo
                          Status: SUCCESSFUL

Install File:             /opt/informix/./gls/cv9/e01c016c.cvo
                          Status: SUCCESSFUL

Install File:             /opt/informix/./gls/cv9/e01c01a4.cvo
                          Status: SUCCESSFUL

Install File:             /opt/informix/./gls/cv9/e01c01f4.cvo
                          Status: SUCCESSFUL

Install File:             /opt/informix/./gls/cv9/e01c02c4.cvo
                          Status: SUCCESSFUL

Install File:             /opt/informix/./gls/cv9/e01c02c5.cvo
                          Status: SUCCESSFUL

Install File:             /opt/informix/./gls/cv9/e01c0307.cvo
                          Status: SUCCESSFUL

Install File:             /opt/informix/./gls/cv9/e01c032d.cvo
                          Status: SUCCESSFUL

Install File:             /opt/informix/./gls/cv9/e01c0333.cvo
                          Status: SUCCESSFUL

Install File:             /opt/informix/./gls/cv9/e01c0352.cvo
                          Status: SUCCESSFUL

Install File:             /opt/informix/./gls/cv9/e01c0354.cvo
                          Status: SUCCESSFUL

Install File:             /opt/informix/./gls/cv9/e01c035a.cvo
                          Status: SUCCESSFUL

Install File:             /opt/informix/./gls/cv9/e01c0360.cvo
                          Status: SUCCESSFUL

Install File:             /opt/informix/./gls/cv9/e01c0362.cvo
                          Status: SUCCESSFUL

Install File:             /opt/informix/./gls/cv9/e01c0390.cvo
                          Status: SUCCESSFUL

Install File:             /opt/informix/./gls/cv9/e01c0393.cvo
                          Status: SUCCESSFUL

Install File:             /opt/informix/./gls/cv9/e01c0394.cvo
                          Status: SUCCESSFUL

Install File:             /opt/informix/./gls/cv9/e01c0398.cvo
                          Status: SUCCESSFUL

Install File:             /opt/informix/./gls/cv9/e01c03a4.cvo
                          Status: SUCCESSFUL

Install File:             /opt/informix/./gls/cv9/e01c03b5.cvo
                          Status: SUCCESSFUL

Install File:             /opt/informix/./gls/cv9/e01c03f3.cvo
                          Status: SUCCESSFUL

Install File:             /opt/informix/./gls/cv9/e01c03f9.cvo
                          Status: SUCCESSFUL

Install File:             /opt/informix/./gls/cv9/e01c0416.cvo
                          Status: SUCCESSFUL

Install File:             /opt/informix/./gls/cv9/e01c0441.cvo
                          Status: SUCCESSFUL

Install File:             /opt/informix/./gls/cv9/e01c0495.cvo
                          Status: SUCCESSFUL

Install File:             /opt/informix/./gls/cv9/e01c04e2.cvo
                          Status: SUCCESSFUL

Install File:             /opt/informix/./gls/cv9/e01c04e3.cvo
                          Status: SUCCESSFUL

Install File:             /opt/informix/./gls/cv9/e01c04e4.cvo
                          Status: SUCCESSFUL

Install File:             /opt/informix/./gls/cv9/e01c04e5.cvo
                          Status: SUCCESSFUL

Install File:             /opt/informix/./gls/cv9/e01c04e6.cvo
                          Status: SUCCESSFUL

Install File:             /opt/informix/./gls/cv9/e01c04e7.cvo
                          Status: SUCCESSFUL

Install File:             /opt/informix/./gls/cv9/e01c04e8.cvo
                          Status: SUCCESSFUL

Install File:             /opt/informix/./gls/cv9/e01c04e9.cvo
                          Status: SUCCESSFUL

Install File:             /opt/informix/./gls/cv9/e01c04ea.cvo
                          Status: SUCCESSFUL

Install File:             /opt/informix/./gls/cv9/e01c1570.cvo
                          Status: SUCCESSFUL

Install File:             /opt/informix/./gls/cv9/e01ce002.cvo
                          Status: SUCCESSFUL

Install File:             /opt/informix/./gls/cv9/e01ce003.cvo
                          Status: SUCCESSFUL

Install File:             /opt/informix/./gls/cv9/e01ce005.cvo
                          Status: SUCCESSFUL

Install File:             /opt/informix/./gls/cv9/e01ce006.cvo
                          Status: SUCCESSFUL

Install File:             /opt/informix/./gls/cv9/e01ce007.cvo
                          Status: SUCCESSFUL

Install File:             /opt/informix/./gls/cv9/e01ce008.cvo
                          Status: SUCCESSFUL

Install File:             /opt/informix/./gls/cv9/e01ce009.cvo
                          Status: SUCCESSFUL

Install File:             /opt/informix/./gls/cv9/e01ce00c.cvo
                          Status: SUCCESSFUL

Install File:             /opt/informix/./gls/cv9/e01ce00d.cvo
                          Status: SUCCESSFUL

Install File:             /opt/informix/./gls/cv9/e01ce01a.cvo
                          Status: SUCCESSFUL

Install File:             /opt/informix/./gls/cv9/e01ce01d.cvo
                          Status: SUCCESSFUL

Install File:             /opt/informix/./gls/cv9/e01ce01f.cvo
                          Status: SUCCESSFUL

Install File:             /opt/informix/./gls/cv9/e01ce026.cvo
                          Status: SUCCESSFUL

Install File:             /opt/informix/./gls/cv9/e01ce027.cvo
                          Status: SUCCESSFUL

Install File:             /opt/informix/./gls/cv9/e01ce028.cvo
                          Status: SUCCESSFUL

Install File:             /opt/informix/./gls/cv9/e01ce02d.cvo
                          Status: SUCCESSFUL

Install File:             /opt/informix/./gls/cv9/e01ce02e.cvo
                          Status: SUCCESSFUL

Install File:             /opt/informix/./gls/cv9/e01ce02f.cvo
                          Status: SUCCESSFUL

Install File:             /opt/informix/./gls/cv9/e01ce030.cvo
                          Status: SUCCESSFUL

Install File:             /opt/informix/./gls/cv9/e01ce031.cvo
                          Status: SUCCESSFUL

Install File:             /opt/informix/./gls/cv9/e01de005.cvo
                          Status: SUCCESSFUL

Install File:             /opt/informix/./gls/cv9/e01de01c.cvo
                          Status: SUCCESSFUL

Install File:             /opt/informix/./gls/cv9/e01de030.cvo
                          Status: SUCCESSFUL

Install File:             /opt/informix/./gls/cv9/e01fe005.cvo
                          Status: SUCCESSFUL

Install File:             /opt/informix/./gls/cv9/e01fe01c.cvo
                          Status: SUCCESSFUL

Install File:             /opt/informix/./gls/cv9/e01fe030.cvo
                          Status: SUCCESSFUL

Install File:             /opt/informix/./gls/cv9/e026e005.cvo
                          Status: SUCCESSFUL

Install File:             /opt/informix/./gls/cv9/e026e01c.cvo
                          Status: SUCCESSFUL

Install File:             /opt/informix/./gls/cv9/e026e030.cvo
                          Status: SUCCESSFUL

Install File:             /opt/informix/./gls/cv9/e027016c.cvo
                          Status: SUCCESSFUL

Install File:             /opt/informix/./gls/cv9/e027e005.cvo
                          Status: SUCCESSFUL

Install File:             /opt/informix/./gls/cv9/e027e01c.cvo
                          Status: SUCCESSFUL

Install File:             /opt/informix/./gls/cv9/e027e030.cvo
                          Status: SUCCESSFUL

Install File:             /opt/informix/./gls/cv9/e028016c.cvo
                          Status: SUCCESSFUL

Install File:             /opt/informix/./gls/cv9/e028e005.cvo
                          Status: SUCCESSFUL

Install File:             /opt/informix/./gls/cv9/e028e01c.cvo
                          Status: SUCCESSFUL

Install File:             /opt/informix/./gls/cv9/e028e030.cvo
                          Status: SUCCESSFUL

Install File:             /opt/informix/./gls/cv9/e02de005.cvo
                          Status: SUCCESSFUL

Install File:             /opt/informix/./gls/cv9/e02de01c.cvo
                          Status: SUCCESSFUL

Install File:             /opt/informix/./gls/cv9/e02de030.cvo
                          Status: SUCCESSFUL

Install File:             /opt/informix/./gls/cv9/e02ee005.cvo
                          Status: SUCCESSFUL

Install File:             /opt/informix/./gls/cv9/e02ee01c.cvo
                          Status: SUCCESSFUL

Install File:             /opt/informix/./gls/cv9/e02ee030.cvo
                          Status: SUCCESSFUL

Install File:             /opt/informix/./gls/cv9/e02f016c.cvo
                          Status: SUCCESSFUL

Install File:             /opt/informix/./gls/cv9/e02f0333.cvo
                          Status: SUCCESSFUL

Install File:             /opt/informix/./gls/cv9/e02f0352.cvo
                          Status: SUCCESSFUL

Install File:             /opt/informix/./gls/cv9/e02f04e4.cvo
                          Status: SUCCESSFUL

Install File:             /opt/informix/./gls/cv9/e02fe005.cvo
                          Status: SUCCESSFUL

Install File:             /opt/informix/./gls/cv9/e02fe01c.cvo
                          Status: SUCCESSFUL

Install File:             /opt/informix/./gls/cv9/e02fe030.cvo
                          Status: SUCCESSFUL

Install File:             /opt/informix/./gls/cv9/e030016c.cvo
                          Status: SUCCESSFUL

Install File:             /opt/informix/./gls/cv9/e03001a4.cvo
                          Status: SUCCESSFUL

Install File:             /opt/informix/./gls/cv9/e03001f4.cvo
                          Status: SUCCESSFUL

Install File:             /opt/informix/./gls/cv9/e03002c4.cvo
                          Status: SUCCESSFUL

Install File:             /opt/informix/./gls/cv9/e03002c5.cvo
                          Status: SUCCESSFUL

Install File:             /opt/informix/./gls/cv9/e0300307.cvo
                          Status: SUCCESSFUL

Install File:             /opt/informix/./gls/cv9/e030032d.cvo
                          Status: SUCCESSFUL

Install File:             /opt/informix/./gls/cv9/e0300333.cvo
                          Status: SUCCESSFUL

Install File:             /opt/informix/./gls/cv9/e0300352.cvo
                          Status: SUCCESSFUL

Install File:             /opt/informix/./gls/cv9/e0300354.cvo
                          Status: SUCCESSFUL

Install File:             /opt/informix/./gls/cv9/e0300359.cvo
                          Status: SUCCESSFUL

Install File:             /opt/informix/./gls/cv9/e030035a.cvo
                          Status: SUCCESSFUL

Install File:             /opt/informix/./gls/cv9/e0300360.cvo
                          Status: SUCCESSFUL

Install File:             /opt/informix/./gls/cv9/e0300362.cvo
                          Status: SUCCESSFUL

Install File:             /opt/informix/./gls/cv9/e0300390.cvo
                          Status: SUCCESSFUL

Install File:             /opt/informix/./gls/cv9/e0300393.cvo
                          Status: SUCCESSFUL

Install File:             /opt/informix/./gls/cv9/e0300394.cvo
                          Status: SUCCESSFUL

Install File:             /opt/informix/./gls/cv9/e0300398.cvo
                          Status: SUCCESSFUL

Install File:             /opt/informix/./gls/cv9/e03003a4.cvo
                          Status: SUCCESSFUL

Install File:             /opt/informix/./gls/cv9/e03003b5.cvo
                          Status: SUCCESSFUL

Install File:             /opt/informix/./gls/cv9/e03003f3.cvo
                          Status: SUCCESSFUL

Install File:             /opt/informix/./gls/cv9/e03003f9.cvo
                          Status: SUCCESSFUL

Install File:             /opt/informix/./gls/cv9/e0300416.cvo
                          Status: SUCCESSFUL

Install File:             /opt/informix/./gls/cv9/e0300441.cvo
                          Status: SUCCESSFUL

Install File:             /opt/informix/./gls/cv9/e0300495.cvo
                          Status: SUCCESSFUL

Install File:             /opt/informix/./gls/cv9/e03004e2.cvo
                          Status: SUCCESSFUL

Install File:             /opt/informix/./gls/cv9/e03004e3.cvo
                          Status: SUCCESSFUL

Install File:             /opt/informix/./gls/cv9/e03004e4.cvo
                          Status: SUCCESSFUL

Install File:             /opt/informix/./gls/cv9/e03004e5.cvo
                          Status: SUCCESSFUL

Install File:             /opt/informix/./gls/cv9/e03004e6.cvo
                          Status: SUCCESSFUL

Install File:             /opt/informix/./gls/cv9/e03004e7.cvo
                          Status: SUCCESSFUL

Install File:             /opt/informix/./gls/cv9/e03004e8.cvo
                          Status: SUCCESSFUL

Install File:             /opt/informix/./gls/cv9/e03004e9.cvo
                          Status: SUCCESSFUL

Install File:             /opt/informix/./gls/cv9/e03004ea.cvo
                          Status: SUCCESSFUL

Install File:             /opt/informix/./gls/cv9/e0301570.cvo
                          Status: SUCCESSFUL

Install File:             /opt/informix/./gls/cv9/e030e002.cvo
                          Status: SUCCESSFUL

Install File:             /opt/informix/./gls/cv9/e030e003.cvo
                          Status: SUCCESSFUL

Install File:             /opt/informix/./gls/cv9/e030e005.cvo
                          Status: SUCCESSFUL

Install File:             /opt/informix/./gls/cv9/e030e006.cvo
                          Status: SUCCESSFUL

Install File:             /opt/informix/./gls/cv9/e030e007.cvo
                          Status: SUCCESSFUL

Install File:             /opt/informix/./gls/cv9/e030e008.cvo
                          Status: SUCCESSFUL

Install File:             /opt/informix/./gls/cv9/e030e009.cvo
                          Status: SUCCESSFUL

Install File:             /opt/informix/./gls/cv9/e030e00c.cvo
                          Status: SUCCESSFUL

Install File:             /opt/informix/./gls/cv9/e030e00d.cvo
                          Status: SUCCESSFUL

Install File:             /opt/informix/./gls/cv9/e030e01a.cvo
                          Status: SUCCESSFUL

Install File:             /opt/informix/./gls/cv9/e030e01c.cvo
                          Status: SUCCESSFUL

Install File:             /opt/informix/./gls/cv9/e030e01d.cvo
                          Status: SUCCESSFUL

Install File:             /opt/informix/./gls/cv9/e030e01f.cvo
                          Status: SUCCESSFUL

Install File:             /opt/informix/./gls/cv9/e030e026.cvo
                          Status: SUCCESSFUL

Install File:             /opt/informix/./gls/cv9/e030e027.cvo
                          Status: SUCCESSFUL

Install File:             /opt/informix/./gls/cv9/e030e028.cvo
                          Status: SUCCESSFUL

Install File:             /opt/informix/./gls/cv9/e030e02d.cvo
                          Status: SUCCESSFUL

Install File:             /opt/informix/./gls/cv9/e030e02e.cvo
                          Status: SUCCESSFUL

Install File:             /opt/informix/./gls/cv9/e030e02f.cvo
                          Status: SUCCESSFUL

Install File:             /opt/informix/./gls/cv9/e030e031.cvo
                          Status: SUCCESSFUL

Install File:             /opt/informix/./gls/cv9/e031e005.cvo
                          Status: SUCCESSFUL

Install File:             /opt/informix/./gls/cv9/e031e01c.cvo
                          Status: SUCCESSFUL

Install File:             /opt/informix/./gls/cv9/e031e030.cvo
                          Status: SUCCESSFUL

Install File:             /opt/informix/./gls/dll/64-libglu.so.48
                          Status: SUCCESSFUL

Install File:             /opt/informix/./gls/dll/64-libicudata.so.48
                          Status: SUCCESSFUL

Install File:             /opt/informix/./gls/dll/64-libicui18n.so.48
                          Status: SUCCESSFUL

Install File:             /opt/informix/./gls/dll/64-libicuuc.so.48
                          Status: SUCCESSFUL

Install File:             /opt/informix/./gls/etc/64-dllregistry.48
                          Status: SUCCESSFUL

Install File:             /opt/informix/./gls/etc/cvtmap
                          Status: SUCCESSFUL

Install File:             /opt/informix/./gls/etc/icudt48l.dat
                          Status: SUCCESSFUL

Install File:             /opt/informix/./gls/etc/locmap
                          Status: SUCCESSFUL

Install File:             /opt/informix/./gls/lc11/de_de/016c.lco
                          Status: SUCCESSFUL

Install File:             /opt/informix/./gls/lc11/de_de/016cbund.lco
                          Status: SUCCESSFUL

Install File:             /opt/informix/./gls/lc11/de_de/016cdude.lco
                          Status: SUCCESSFUL

Install File:             /opt/informix/./gls/lc11/en_us/0333.lco
                          Status: SUCCESSFUL

Install File:             /opt/informix/./gls/lc11/en_us/0333dict.lco
                          Status: SUCCESSFUL

Install File:             /opt/informix/./gls/lc11/en_us/0333dres.lco
                          Status: SUCCESSFUL

Install File:             /opt/informix/./gls/lc11/en_us/0333extn.lco
                          Status: SUCCESSFUL

Install File:             /opt/informix/./gls/lc11/en_us/0352.lco
                          Status: SUCCESSFUL

Install File:             /opt/informix/./gls/lc11/en_us/0352dict.lco
                          Status: SUCCESSFUL

Install File:             /opt/informix/./gls/lc11/en_us/04e4.lco
                          Status: SUCCESSFUL

Install File:             /opt/informix/./gls/lc11/en_us/04e4dict.lco
                          Status: SUCCESSFUL

Install File:             /opt/informix/./gls/lc11/en_us/04e4edic.lco
                          Status: SUCCESSFUL

Install File:             /opt/informix/./gls/lc11/en_us/04e4euro.lco
                          Status: SUCCESSFUL

Install File:             /opt/informix/./gls/lc11/en_us/e005.lco
                          Status: SUCCESSFUL

Install File:             /opt/informix/./gls/lc11/en_us/e01c.lco
                          Status: SUCCESSFUL

Install File:             /opt/informix/./gls/lc11/en_us/e02f.lco
                          Status: SUCCESSFUL

Install File:             /opt/informix/./gls/lc11/en_us/e02fdict.lco
                          Status: SUCCESSFUL

Install File:             /opt/informix/./gls/lc11/en_us/e030.lco
                          Status: SUCCESSFUL

Install File:             /opt/informix/./gls/lc11/es_es/016c.lco
                          Status: SUCCESSFUL

Install File:             /opt/informix/./gls/lc11/fr_fr/016c.lco
                          Status: SUCCESSFUL

Install File:             /opt/informix/./gls/lc11/os/C
                          Status: SUCCESSFUL

Install File:             /opt/informix/./gls/lc11/os/C.lc
                          Status: SUCCESSFUL

Install File:             /opt/informix/./gls/lc11/os/POSIX
                          Status: SUCCESSFUL

Install File:             /opt/informix/./gls/lc11/os/POSIX.lc
                          Status: SUCCESSFUL

Install File:             /opt/informix/./gls/lc11/os/_readme
                          Status: SUCCESSFUL

Install File:             /opt/informix/./gls/lc11/pl_pl/016c.lco
                          Status: SUCCESSFUL

Install File:             /opt/informix/./gls/cv9/03540495.cvo
                          Status: SUCCESSFUL

Install File:             /opt/informix/./gls/cv9/03900495.cvo
                          Status: SUCCESSFUL

Install File:             /opt/informix/./gls/cv9/04950354.cvo
                          Status: SUCCESSFUL

Install File:             /opt/informix/./gls/cv9/04950390.cvo
                          Status: SUCCESSFUL

Install File:             /opt/informix/./gls/cv9/049504e2.cvo
                          Status: SUCCESSFUL

Install File:             /opt/informix/./gls/cv9/0495e027.cvo
                          Status: SUCCESSFUL

Install File:             /opt/informix/./gls/cv9/0495e028.cvo
                          Status: SUCCESSFUL

Install File:             /opt/informix/./gls/cv9/04e20495.cvo
                          Status: SUCCESSFUL

Install File:             /opt/informix/./gls/cv9/e0270495.cvo
                          Status: SUCCESSFUL

Install File:             /opt/informix/./gls/cv9/e0280495.cvo
                          Status: SUCCESSFUL

Install File:             /opt/informix/./gls/cm3/035a.cmo
                          Status: SUCCESSFUL

Install File:             /opt/informix/./gls/cm3/03f3.cmo
                          Status: SUCCESSFUL

Install File:             /opt/informix/./gls/cm3/03f9.cmo
                          Status: SUCCESSFUL

Install File:             /opt/informix/./gls/cm3/0495.cmo
                          Status: SUCCESSFUL

Install File:             /opt/informix/./gls/cv9/002501b5.cvo
                          Status: SUCCESSFUL

Install File:             /opt/informix/./gls/cv9/00250333.cvo
                          Status: SUCCESSFUL

Install File:             /opt/informix/./gls/cv9/00250352.cvo
                          Status: SUCCESSFUL

Install File:             /opt/informix/./gls/cv9/01b50025.cvo
                          Status: SUCCESSFUL

Install File:             /opt/informix/./gls/cv9/03330025.cvo
                          Status: SUCCESSFUL

Install File:             /opt/informix/./gls/cv9/0333035a.cvo
                          Status: SUCCESSFUL

Install File:             /opt/informix/./gls/cv9/033303f3.cvo
                          Status: SUCCESSFUL

Install File:             /opt/informix/./gls/cv9/033303f9.cvo
                          Status: SUCCESSFUL

Install File:             /opt/informix/./gls/cv9/03520025.cvo
                          Status: SUCCESSFUL

Install File:             /opt/informix/./gls/cv9/0352035a.cvo
                          Status: SUCCESSFUL

Install File:             /opt/informix/./gls/cv9/035203f3.cvo
                          Status: SUCCESSFUL

Install File:             /opt/informix/./gls/cv9/035a0333.cvo
                          Status: SUCCESSFUL

Install File:             /opt/informix/./gls/cv9/035a0352.cvo
                          Status: SUCCESSFUL

Install File:             /opt/informix/./gls/cv9/035a03f3.cvo
                          Status: SUCCESSFUL

Install File:             /opt/informix/./gls/cv9/035a04e4.cvo
                          Status: SUCCESSFUL

Install File:             /opt/informix/./gls/cv9/035ae02f.cvo
                          Status: SUCCESSFUL

Install File:             /opt/informix/./gls/cv9/03f30333.cvo
                          Status: SUCCESSFUL

Install File:             /opt/informix/./gls/cv9/03f30352.cvo
                          Status: SUCCESSFUL

Install File:             /opt/informix/./gls/cv9/03f3035a.cvo
                          Status: SUCCESSFUL

Install File:             /opt/informix/./gls/cv9/03f304e4.cvo
                          Status: SUCCESSFUL

Install File:             /opt/informix/./gls/cv9/03f90333.cvo
                          Status: SUCCESSFUL

Install File:             /opt/informix/./gls/cv9/03f904e4.cvo
                          Status: SUCCESSFUL

Install File:             /opt/informix/./gls/cv9/04e4035a.cvo
                          Status: SUCCESSFUL

Install File:             /opt/informix/./gls/cv9/04e403f3.cvo
                          Status: SUCCESSFUL

Install File:             /opt/informix/./gls/cv9/04e403f9.cvo
                          Status: SUCCESSFUL

Install File:             /opt/informix/./gls/cv9/e02f035a.cvo
                          Status: SUCCESSFUL

Install File:             /opt/informix/./gls/lc11/da_dk/0333.lco
                          Status: SUCCESSFUL

Install File:             /opt/informix/./gls/lc11/da_dk/0352.lco
                          Status: SUCCESSFUL

Install File:             /opt/informix/./gls/lc11/da_dk/035a.lco
                          Status: SUCCESSFUL

Install File:             /opt/informix/./gls/lc11/da_dk/03f9.lco
                          Status: SUCCESSFUL

Install File:             /opt/informix/./gls/lc11/da_dk/04e4.lco
                          Status: SUCCESSFUL

Install File:             /opt/informix/./gls/lc11/da_dk/04e4euro.lco
                          Status: SUCCESSFUL

Install File:             /opt/informix/./gls/lc11/da_dk/e01c.lco
                          Status: SUCCESSFUL

Install File:             /opt/informix/./gls/lc11/da_dk/e02f.lco
                          Status: SUCCESSFUL

Install File:             /opt/informix/./gls/lc11/de_at/0333.lco
                          Status: SUCCESSFUL

Install File:             /opt/informix/./gls/lc11/de_at/0333bun1.lco
                          Status: SUCCESSFUL

Install File:             /opt/informix/./gls/lc11/de_at/0333bund.lco
                          Status: SUCCESSFUL

Install File:             /opt/informix/./gls/lc11/de_at/0333dud1.lco
                          Status: SUCCESSFUL

Install File:             /opt/informix/./gls/lc11/de_at/0333dude.lco
                          Status: SUCCESSFUL

Install File:             /opt/informix/./gls/lc11/de_at/0352.lco
                          Status: SUCCESSFUL

Install File:             /opt/informix/./gls/lc11/de_at/0352bund.lco
                          Status: SUCCESSFUL

Install File:             /opt/informix/./gls/lc11/de_at/0352dude.lco
                          Status: SUCCESSFUL

Install File:             /opt/informix/./gls/lc11/de_at/035a.lco
                          Status: SUCCESSFUL

Install File:             /opt/informix/./gls/lc11/de_at/035abund.lco
                          Status: SUCCESSFUL

Install File:             /opt/informix/./gls/lc11/de_at/035adude.lco
                          Status: SUCCESSFUL

Install File:             /opt/informix/./gls/lc11/de_at/04e4.lco
                          Status: SUCCESSFUL

Install File:             /opt/informix/./gls/lc11/de_at/04e4bun1.lco
                          Status: SUCCESSFUL

Install File:             /opt/informix/./gls/lc11/de_at/04e4bund.lco
                          Status: SUCCESSFUL

Install File:             /opt/informix/./gls/lc11/de_at/04e4dud1.lco
                          Status: SUCCESSFUL

Install File:             /opt/informix/./gls/lc11/de_at/04e4dude.lco
                          Status: SUCCESSFUL

Install File:             /opt/informix/./gls/lc11/de_at/04e4ebu1.lco
                          Status: SUCCESSFUL

Install File:             /opt/informix/./gls/lc11/de_at/04e4edu1.lco
                          Status: SUCCESSFUL

Install File:             /opt/informix/./gls/lc11/de_at/04e4euro.lco
                          Status: SUCCESSFUL

Install File:             /opt/informix/./gls/lc11/de_at/e01c.lco
                          Status: SUCCESSFUL

Install File:             /opt/informix/./gls/lc11/de_at/e02f.lco
                          Status: SUCCESSFUL

Install File:             /opt/informix/./gls/lc11/de_at/e02fbun1.lco
                          Status: SUCCESSFUL

Install File:             /opt/informix/./gls/lc11/de_at/e02fdud1.lco
                          Status: SUCCESSFUL

Install File:             /opt/informix/./gls/lc11/de_ch/0333.lco
                          Status: SUCCESSFUL

Install File:             /opt/informix/./gls/lc11/de_ch/0333bun1.lco
                          Status: SUCCESSFUL

Install File:             /opt/informix/./gls/lc11/de_ch/0333bund.lco
                          Status: SUCCESSFUL

Install File:             /opt/informix/./gls/lc11/de_ch/0333dude.lco
                          Status: SUCCESSFUL

Install File:             /opt/informix/./gls/lc11/de_ch/0352.lco
                          Status: SUCCESSFUL

Install File:             /opt/informix/./gls/lc11/de_ch/0352bund.lco
                          Status: SUCCESSFUL

Install File:             /opt/informix/./gls/lc11/de_ch/0352dude.lco
                          Status: SUCCESSFUL

Install File:             /opt/informix/./gls/lc11/de_ch/04e4.lco
                          Status: SUCCESSFUL

Install File:             /opt/informix/./gls/lc11/de_ch/04e4bun1.lco
                          Status: SUCCESSFUL

Install File:             /opt/informix/./gls/lc11/de_ch/04e4bund.lco
                          Status: SUCCESSFUL

Install File:             /opt/informix/./gls/lc11/de_ch/04e4dud1.lco
                          Status: SUCCESSFUL

Install File:             /opt/informix/./gls/lc11/de_ch/04e4dude.lco
                          Status: SUCCESSFUL

Install File:             /opt/informix/./gls/lc11/de_ch/04e4ebu1.lco
                          Status: SUCCESSFUL

Install File:             /opt/informix/./gls/lc11/de_ch/04e4edu1.lco
                          Status: SUCCESSFUL

Install File:             /opt/informix/./gls/lc11/de_ch/04e4euro.lco
                          Status: SUCCESSFUL

Install File:             /opt/informix/./gls/lc11/de_ch/e01c.lco
                          Status: SUCCESSFUL

Install File:             /opt/informix/./gls/lc11/de_ch/e02f.lco
                          Status: SUCCESSFUL

Install File:             /opt/informix/./gls/lc11/de_ch/e02fbun1.lco
                          Status: SUCCESSFUL

Install File:             /opt/informix/./gls/lc11/de_ch/e02fdud1.lco
                          Status: SUCCESSFUL

Install File:             /opt/informix/./gls/lc11/de_de/0333.lco
                          Status: SUCCESSFUL

Install File:             /opt/informix/./gls/lc11/de_de/0333bun1.lco
                          Status: SUCCESSFUL

Install File:             /opt/informix/./gls/lc11/de_de/0333bund.lco
                          Status: SUCCESSFUL

Install File:             /opt/informix/./gls/lc11/de_de/0333dud1.lco
                          Status: SUCCESSFUL

Install File:             /opt/informix/./gls/lc11/de_de/0333dude.lco
                          Status: SUCCESSFUL

Install File:             /opt/informix/./gls/lc11/de_de/0352.lco
                          Status: SUCCESSFUL

Install File:             /opt/informix/./gls/lc11/de_de/0352bun1.lco
                          Status: SUCCESSFUL

Install File:             /opt/informix/./gls/lc11/de_de/0352bund.lco
                          Status: SUCCESSFUL

Install File:             /opt/informix/./gls/lc11/de_de/0352dud1.lco
                          Status: SUCCESSFUL

Install File:             /opt/informix/./gls/lc11/de_de/0352dude.lco
                          Status: SUCCESSFUL

Install File:             /opt/informix/./gls/lc11/de_de/035a.lco
                          Status: SUCCESSFUL

Install File:             /opt/informix/./gls/lc11/de_de/035abun1.lco
                          Status: SUCCESSFUL

Install File:             /opt/informix/./gls/lc11/de_de/035abund.lco
                          Status: SUCCESSFUL

Install File:             /opt/informix/./gls/lc11/de_de/035adud1.lco
                          Status: SUCCESSFUL

Install File:             /opt/informix/./gls/lc11/de_de/035adude.lco
                          Status: SUCCESSFUL

Install File:             /opt/informix/./gls/lc11/de_de/03f3.lco
                          Status: SUCCESSFUL

Install File:             /opt/informix/./gls/lc11/de_de/03f3bund.lco
                          Status: SUCCESSFUL

Install File:             /opt/informix/./gls/lc11/de_de/03f3dude.lco
                          Status: SUCCESSFUL

Install File:             /opt/informix/./gls/lc11/de_de/04e4.lco
                          Status: SUCCESSFUL

Install File:             /opt/informix/./gls/lc11/de_de/04e4bun1.lco
                          Status: SUCCESSFUL

Install File:             /opt/informix/./gls/lc11/de_de/04e4bund.lco
                          Status: SUCCESSFUL

Install File:             /opt/informix/./gls/lc11/de_de/04e4dud1.lco
                          Status: SUCCESSFUL

Install File:             /opt/informix/./gls/lc11/de_de/04e4dude.lco
                          Status: SUCCESSFUL

Install File:             /opt/informix/./gls/lc11/de_de/04e4ebu1.lco
                          Status: SUCCESSFUL

Install File:             /opt/informix/./gls/lc11/de_de/04e4edu1.lco
                          Status: SUCCESSFUL

Install File:             /opt/informix/./gls/lc11/de_de/04e4euro.lco
                          Status: SUCCESSFUL

Install File:             /opt/informix/./gls/lc11/de_de/e01c.lco
                          Status: SUCCESSFUL

Install File:             /opt/informix/./gls/lc11/de_de/e02f.lco
                          Status: SUCCESSFUL

Install File:             /opt/informix/./gls/lc11/de_de/e02fbun1.lco
                          Status: SUCCESSFUL

Install File:             /opt/informix/./gls/lc11/de_de/e02fdud1.lco
                          Status: SUCCESSFUL

Install File:             /opt/informix/./gls/lc11/en_au/0333.lco
                          Status: SUCCESSFUL

Install File:             /opt/informix/./gls/lc11/en_au/0352.lco
                          Status: SUCCESSFUL

Install File:             /opt/informix/./gls/lc11/en_au/04e4.lco
                          Status: SUCCESSFUL

Install File:             /opt/informix/./gls/lc11/en_au/e01c.lco
                          Status: SUCCESSFUL

Install File:             /opt/informix/./gls/lc11/en_gb/0333.lco
                          Status: SUCCESSFUL

Install File:             /opt/informix/./gls/lc11/en_gb/0352.lco
                          Status: SUCCESSFUL

Install File:             /opt/informix/./gls/lc11/en_gb/04e4.lco
                          Status: SUCCESSFUL

Install File:             /opt/informix/./gls/lc11/en_gb/04e4euro.lco
                          Status: SUCCESSFUL

Install File:             /opt/informix/./gls/lc11/en_gb/e01c.lco
                          Status: SUCCESSFUL

Install File:             /opt/informix/./gls/lc11/en_gb/e02f.lco
                          Status: SUCCESSFUL

Install File:             /opt/informix/./gls/lc11/es_es/0333.lco
                          Status: SUCCESSFUL

Install File:             /opt/informix/./gls/lc11/es_es/0333ra94.lco
                          Status: SUCCESSFUL

Install File:             /opt/informix/./gls/lc11/es_es/0333rae.lco
                          Status: SUCCESSFUL

Install File:             /opt/informix/./gls/lc11/es_es/0352.lco
                          Status: SUCCESSFUL

Install File:             /opt/informix/./gls/lc11/es_es/0352rae.lco
                          Status: SUCCESSFUL

Install File:             /opt/informix/./gls/lc11/es_es/035a.lco
                          Status: SUCCESSFUL

Install File:             /opt/informix/./gls/lc11/es_es/04e4.lco
                          Status: SUCCESSFUL

Install File:             /opt/informix/./gls/lc11/es_es/04e4euro.lco
                          Status: SUCCESSFUL

Install File:             /opt/informix/./gls/lc11/es_es/04e4rae.lco
                          Status: SUCCESSFUL

Install File:             /opt/informix/./gls/lc11/es_es/e01c.lco
                          Status: SUCCESSFUL

Install File:             /opt/informix/./gls/lc11/es_es/e02f.lco
                          Status: SUCCESSFUL

Install File:             /opt/informix/./gls/lc11/es_es/e02frae.lco
                          Status: SUCCESSFUL

Install File:             /opt/informix/./gls/lc11/fi_fi/0333.lco
                          Status: SUCCESSFUL

Install File:             /opt/informix/./gls/lc11/fi_fi/0352.lco
                          Status: SUCCESSFUL

Install File:             /opt/informix/./gls/lc11/fi_fi/035a.lco
                          Status: SUCCESSFUL

Install File:             /opt/informix/./gls/lc11/fi_fi/04e4.lco
                          Status: SUCCESSFUL

Install File:             /opt/informix/./gls/lc11/fi_fi/04e4euro.lco
                          Status: SUCCESSFUL

Install File:             /opt/informix/./gls/lc11/fi_fi/e01c.lco
                          Status: SUCCESSFUL

Install File:             /opt/informix/./gls/lc11/fi_fi/e02f.lco
                          Status: SUCCESSFUL

Install File:             /opt/informix/./gls/lc11/fr_be/0333.lco
                          Status: SUCCESSFUL

Install File:             /opt/informix/./gls/lc11/fr_be/0352.lco
                          Status: SUCCESSFUL

Install File:             /opt/informix/./gls/lc11/fr_be/035a.lco
                          Status: SUCCESSFUL

Install File:             /opt/informix/./gls/lc11/fr_be/04e4.lco
                          Status: SUCCESSFUL

Install File:             /opt/informix/./gls/lc11/fr_be/04e4euro.lco
                          Status: SUCCESSFUL

Install File:             /opt/informix/./gls/lc11/fr_be/e01c.lco
                          Status: SUCCESSFUL

Install File:             /opt/informix/./gls/lc11/fr_be/e02f.lco
                          Status: SUCCESSFUL

Install File:             /opt/informix/./gls/lc11/fr_ca/0333.lco
                          Status: SUCCESSFUL

Install File:             /opt/informix/./gls/lc11/fr_ca/0352.lco
                          Status: SUCCESSFUL

Install File:             /opt/informix/./gls/lc11/fr_ca/04e4.lco
                          Status: SUCCESSFUL

Install File:             /opt/informix/./gls/lc11/fr_ca/e01c.lco
                          Status: SUCCESSFUL

Install File:             /opt/informix/./gls/lc11/fr_ch/0333.lco
                          Status: SUCCESSFUL

Install File:             /opt/informix/./gls/lc11/fr_ch/0352.lco
                          Status: SUCCESSFUL

Install File:             /opt/informix/./gls/lc11/fr_ch/04e4.lco
                          Status: SUCCESSFUL

Install File:             /opt/informix/./gls/lc11/fr_ch/04e4euro.lco
                          Status: SUCCESSFUL

Install File:             /opt/informix/./gls/lc11/fr_ch/e01c.lco
                          Status: SUCCESSFUL

Install File:             /opt/informix/./gls/lc11/fr_ch/e02f.lco
                          Status: SUCCESSFUL

Install File:             /opt/informix/./gls/lc11/fr_fr/0333.lco
                          Status: SUCCESSFUL

Install File:             /opt/informix/./gls/lc11/fr_fr/0352.lco
                          Status: SUCCESSFUL

Install File:             /opt/informix/./gls/lc11/fr_fr/035a.lco
                          Status: SUCCESSFUL

Install File:             /opt/informix/./gls/lc11/fr_fr/04e4.lco
                          Status: SUCCESSFUL

Install File:             /opt/informix/./gls/lc11/fr_fr/04e4euro.lco
                          Status: SUCCESSFUL

Install File:             /opt/informix/./gls/lc11/fr_fr/e01c.lco
                          Status: SUCCESSFUL

Install File:             /opt/informix/./gls/lc11/fr_fr/e02f.lco
                          Status: SUCCESSFUL

Install File:             /opt/informix/./gls/lc11/is_is/0333.lco
                          Status: SUCCESSFUL

Install File:             /opt/informix/./gls/lc11/is_is/0352.lco
                          Status: SUCCESSFUL

Install File:             /opt/informix/./gls/lc11/is_is/04e4.lco
                          Status: SUCCESSFUL

Install File:             /opt/informix/./gls/lc11/is_is/e01c.lco
                          Status: SUCCESSFUL

Install File:             /opt/informix/./gls/lc11/it_it/0333.lco
                          Status: SUCCESSFUL

Install File:             /opt/informix/./gls/lc11/it_it/0352.lco
                          Status: SUCCESSFUL

Install File:             /opt/informix/./gls/lc11/it_it/035a.lco
                          Status: SUCCESSFUL

Install File:             /opt/informix/./gls/lc11/it_it/04e4.lco
                          Status: SUCCESSFUL

Install File:             /opt/informix/./gls/lc11/it_it/04e4euro.lco
                          Status: SUCCESSFUL

Install File:             /opt/informix/./gls/lc11/it_it/e01c.lco
                          Status: SUCCESSFUL

Install File:             /opt/informix/./gls/lc11/it_it/e02f.lco
                          Status: SUCCESSFUL

Install File:             /opt/informix/./gls/lc11/nl_be/0333.lco
                          Status: SUCCESSFUL

Install File:             /opt/informix/./gls/lc11/nl_be/0352.lco
                          Status: SUCCESSFUL

Install File:             /opt/informix/./gls/lc11/nl_be/035a.lco
                          Status: SUCCESSFUL

Install File:             /opt/informix/./gls/lc11/nl_be/04e4.lco
                          Status: SUCCESSFUL

Install File:             /opt/informix/./gls/lc11/nl_be/04e4euro.lco
                          Status: SUCCESSFUL

Install File:             /opt/informix/./gls/lc11/nl_be/e01c.lco
                          Status: SUCCESSFUL

Install File:             /opt/informix/./gls/lc11/nl_be/e02f.lco
                          Status: SUCCESSFUL

Install File:             /opt/informix/./gls/lc11/nl_nl/0333.lco
                          Status: SUCCESSFUL

Install File:             /opt/informix/./gls/lc11/nl_nl/0352.lco
                          Status: SUCCESSFUL

Install File:             /opt/informix/./gls/lc11/nl_nl/035a.lco
                          Status: SUCCESSFUL

Install File:             /opt/informix/./gls/lc11/nl_nl/04e4.lco
                          Status: SUCCESSFUL

Install File:             /opt/informix/./gls/lc11/nl_nl/04e4euro.lco
                          Status: SUCCESSFUL

Install File:             /opt/informix/./gls/lc11/nl_nl/e01c.lco
                          Status: SUCCESSFUL

Install File:             /opt/informix/./gls/lc11/nl_nl/e02f.lco
                          Status: SUCCESSFUL

Install File:             /opt/informix/./gls/lc11/no_no/0333.lco
                          Status: SUCCESSFUL

Install File:             /opt/informix/./gls/lc11/no_no/0352.lco
                          Status: SUCCESSFUL

Install File:             /opt/informix/./gls/lc11/no_no/04e4.lco
                          Status: SUCCESSFUL

Install File:             /opt/informix/./gls/lc11/no_no/04e4euro.lco
                          Status: SUCCESSFUL

Install File:             /opt/informix/./gls/lc11/no_no/e01c.lco
                          Status: SUCCESSFUL

Install File:             /opt/informix/./gls/lc11/no_no/e02f.lco
                          Status: SUCCESSFUL

Install File:             /opt/informix/./gls/lc11/pl_pl/0495.lco
                          Status: SUCCESSFUL

Install File:             /opt/informix/./gls/lc11/pt_br/0333.lco
                          Status: SUCCESSFUL

Install File:             /opt/informix/./gls/lc11/pt_br/0352.lco
                          Status: SUCCESSFUL

Install File:             /opt/informix/./gls/lc11/pt_br/04e4.lco
                          Status: SUCCESSFUL

Install File:             /opt/informix/./gls/lc11/pt_br/e01c.lco
                          Status: SUCCESSFUL

Install File:             /opt/informix/./gls/lc11/pt_pt/0333.lco
                          Status: SUCCESSFUL

Install File:             /opt/informix/./gls/lc11/pt_pt/0352.lco
                          Status: SUCCESSFUL

Install File:             /opt/informix/./gls/lc11/pt_pt/035a.lco
                          Status: SUCCESSFUL

Install File:             /opt/informix/./gls/lc11/pt_pt/04e4.lco
                          Status: SUCCESSFUL

Install File:             /opt/informix/./gls/lc11/pt_pt/04e4euro.lco
                          Status: SUCCESSFUL

Install File:             /opt/informix/./gls/lc11/pt_pt/e01c.lco
                          Status: SUCCESSFUL

Install File:             /opt/informix/./gls/lc11/pt_pt/e02f.lco
                          Status: SUCCESSFUL

Install File:             /opt/informix/./gls/lc11/sv_se/0333.lco
                          Status: SUCCESSFUL

Install File:             /opt/informix/./gls/lc11/sv_se/0352.lco
                          Status: SUCCESSFUL

Install File:             /opt/informix/./gls/lc11/sv_se/04e4.lco
                          Status: SUCCESSFUL

Install File:             /opt/informix/./gls/lc11/sv_se/04e4euro.lco
                          Status: SUCCESSFUL

Install File:             /opt/informix/./gls/lc11/sv_se/e01c.lco
                          Status: SUCCESSFUL

Install File:             /opt/informix/./gls/lc11/sv_se/e02f.lco
                          Status: SUCCESSFUL

Install File:             /opt/informix/./gls/cm3/0354.cmo
                          Status: SUCCESSFUL

Install File:             /opt/informix/./gls/cm3/0362.cmo
                          Status: SUCCESSFUL

Install File:             /opt/informix/./gls/cm3/0390.cmo
                          Status: SUCCESSFUL

Install File:             /opt/informix/./gls/cm3/0393.cmo
                          Status: SUCCESSFUL

Install File:             /opt/informix/./gls/cm3/04e2.cmo
                          Status: SUCCESSFUL

Install File:             /opt/informix/./gls/cm3/04e3.cmo
                          Status: SUCCESSFUL

Install File:             /opt/informix/./gls/cm3/e026.cmo
                          Status: SUCCESSFUL

Install File:             /opt/informix/./gls/cm3/e027.cmo
                          Status: SUCCESSFUL

Install File:             /opt/informix/./gls/cm3/e028.cmo
                          Status: SUCCESSFUL

Install File:             /opt/informix/./gls/cv9/03540390.cvo
                          Status: SUCCESSFUL

Install File:             /opt/informix/./gls/cv9/035404e2.cvo
                          Status: SUCCESSFUL

Install File:             /opt/informix/./gls/cv9/0354e027.cvo
                          Status: SUCCESSFUL

Install File:             /opt/informix/./gls/cv9/0354e028.cvo
                          Status: SUCCESSFUL

Install File:             /opt/informix/./gls/cv9/03620393.cvo
                          Status: SUCCESSFUL

Install File:             /opt/informix/./gls/cv9/036204e3.cvo
                          Status: SUCCESSFUL

Install File:             /opt/informix/./gls/cv9/0362e026.cvo
                          Status: SUCCESSFUL

Install File:             /opt/informix/./gls/cv9/03900354.cvo
                          Status: SUCCESSFUL

Install File:             /opt/informix/./gls/cv9/039004e2.cvo
                          Status: SUCCESSFUL

Install File:             /opt/informix/./gls/cv9/0390e027.cvo
                          Status: SUCCESSFUL

Install File:             /opt/informix/./gls/cv9/0390e028.cvo
                          Status: SUCCESSFUL

Install File:             /opt/informix/./gls/cv9/03930362.cvo
                          Status: SUCCESSFUL

Install File:             /opt/informix/./gls/cv9/039304e3.cvo
                          Status: SUCCESSFUL

Install File:             /opt/informix/./gls/cv9/0393e026.cvo
                          Status: SUCCESSFUL

Install File:             /opt/informix/./gls/cv9/04e20354.cvo
                          Status: SUCCESSFUL

Install File:             /opt/informix/./gls/cv9/04e20390.cvo
                          Status: SUCCESSFUL

Install File:             /opt/informix/./gls/cv9/04e2e027.cvo
                          Status: SUCCESSFUL

Install File:             /opt/informix/./gls/cv9/04e2e028.cvo
                          Status: SUCCESSFUL

Install File:             /opt/informix/./gls/cv9/04e30362.cvo
                          Status: SUCCESSFUL

Install File:             /opt/informix/./gls/cv9/04e30393.cvo
                          Status: SUCCESSFUL

Install File:             /opt/informix/./gls/cv9/04e3e026.cvo
                          Status: SUCCESSFUL

Install File:             /opt/informix/./gls/cv9/e0260362.cvo
                          Status: SUCCESSFUL

Install File:             /opt/informix/./gls/cv9/e0260393.cvo
                          Status: SUCCESSFUL

Install File:             /opt/informix/./gls/cv9/e02604e3.cvo
                          Status: SUCCESSFUL

Install File:             /opt/informix/./gls/cv9/e0270354.cvo
                          Status: SUCCESSFUL

Install File:             /opt/informix/./gls/cv9/e0270390.cvo
                          Status: SUCCESSFUL

Install File:             /opt/informix/./gls/cv9/e02704e2.cvo
                          Status: SUCCESSFUL

Install File:             /opt/informix/./gls/cv9/e027e028.cvo
                          Status: SUCCESSFUL

Install File:             /opt/informix/./gls/cv9/e0280354.cvo
                          Status: SUCCESSFUL

Install File:             /opt/informix/./gls/cv9/e0280390.cvo
                          Status: SUCCESSFUL

Install File:             /opt/informix/./gls/cv9/e02804e2.cvo
                          Status: SUCCESSFUL

Install File:             /opt/informix/./gls/cv9/e028e027.cvo
                          Status: SUCCESSFUL

Install File:             /opt/informix/./gls/lc11/cs_cz/0354.lco
                          Status: SUCCESSFUL

Install File:             /opt/informix/./gls/lc11/cs_cz/0390.lco
                          Status: SUCCESSFUL

Install File:             /opt/informix/./gls/lc11/cs_cz/0390sis.lco
                          Status: SUCCESSFUL

Install File:             /opt/informix/./gls/lc11/cs_cz/04e2.lco
                          Status: SUCCESSFUL

Install File:             /opt/informix/./gls/lc11/cs_cz/e01c.lco
                          Status: SUCCESSFUL

Install File:             /opt/informix/./gls/lc11/pl_pl/0354.lco
                          Status: SUCCESSFUL

Install File:             /opt/informix/./gls/lc11/pl_pl/0390.lco
                          Status: SUCCESSFUL

Install File:             /opt/informix/./gls/lc11/pl_pl/04e2.lco
                          Status: SUCCESSFUL

Install File:             /opt/informix/./gls/lc11/pl_pl/e01c.lco
                          Status: SUCCESSFUL

Install File:             /opt/informix/./gls/lc11/pl_pl/e027.lco
                          Status: SUCCESSFUL

Install File:             /opt/informix/./gls/lc11/pl_pl/e028.lco
                          Status: SUCCESSFUL

Install File:             /opt/informix/./gls/lc11/ru_ru/0362.lco
                          Status: SUCCESSFUL

Install File:             /opt/informix/./gls/lc11/ru_ru/0393.lco
                          Status: SUCCESSFUL

Install File:             /opt/informix/./gls/lc11/ru_ru/04e3.lco
                          Status: SUCCESSFUL

Install File:             /opt/informix/./gls/lc11/ru_ru/e01c.lco
                          Status: SUCCESSFUL

Install File:             /opt/informix/./gls/lc11/ru_ru/e026.lco
                          Status: SUCCESSFUL

Install File:             /opt/informix/./gls/lc11/sk_sk/0354.lco
                          Status: SUCCESSFUL

Install File:             /opt/informix/./gls/lc11/sk_sk/0390.lco
                          Status: SUCCESSFUL

Install File:             /opt/informix/./gls/lc11/sk_sk/0390sn.lco
                          Status: SUCCESSFUL

Install File:             /opt/informix/./gls/lc11/sk_sk/04e2.lco
                          Status: SUCCESSFUL

Install File:             /opt/informix/./gls/lc11/sk_sk/e01c.lco
                          Status: SUCCESSFUL

Install File:             /opt/informix/./gls/cm3/055f.cmo
                          Status: SUCCESSFUL

Install File:             /opt/informix/./gls/cm3/1570.cmo
                          Status: SUCCESSFUL

Install File:             /opt/informix/./gls/cm3/e008.cmo
                          Status: SUCCESSFUL

Install File:             /opt/informix/./gls/cm3/e009.cmo
                          Status: SUCCESSFUL

Install File:             /opt/informix/./gls/cm3/e00a.cmo
                          Status: SUCCESSFUL

Install File:             /opt/informix/./gls/cm3/e00d.cmo
                          Status: SUCCESSFUL

Install File:             /opt/informix/./gls/cm3/e01f.cmo
                          Status: SUCCESSFUL

Install File:             /opt/informix/./gls/cv9/1570e00d.cvo
                          Status: SUCCESSFUL

Install File:             /opt/informix/./gls/cv9/e008e00d.cvo
                          Status: SUCCESSFUL

Install File:             /opt/informix/./gls/cv9/e00d1570.cvo
                          Status: SUCCESSFUL

Install File:             /opt/informix/./gls/cv9/e00de008.cvo
                          Status: SUCCESSFUL

Install File:             /opt/informix/./gls/lc11/zh_cn/1570.lco
                          Status: SUCCESSFUL

Install File:             /opt/informix/./gls/lc11/zh_cn/e00d.lco
                          Status: SUCCESSFUL

Install File:             /opt/informix/./gls/lc11/zh_cn/e01c.lco
                          Status: SUCCESSFUL

Install File:             /opt/informix/./gls/lc11/zh_hk/055f.lco
                          Status: SUCCESSFUL

Install File:             /opt/informix/./gls/lc11/zh_hk/e01c.lco
                          Status: SUCCESSFUL

Install File:             /opt/informix/./gls/lc11/zh_tw/e008.lco
                          Status: SUCCESSFUL

Install File:             /opt/informix/./gls/lc11/zh_tw/e009.lco
                          Status: SUCCESSFUL

Install File:             /opt/informix/./gls/lc11/zh_tw/e00a.lco
                          Status: SUCCESSFUL

Install File:             /opt/informix/./gls/lc11/zh_tw/e01c.lco
                          Status: SUCCESSFUL

Install File:             /opt/informix/./gls/lc11/zh_tw/e01f.lco
                          Status: SUCCESSFUL

Install File:             /opt/informix/./gls/cm3/03b5.cmo
                          Status: SUCCESSFUL

Install File:             /opt/informix/./gls/cm3/e00c.cmo
                          Status: SUCCESSFUL

Install File:             /opt/informix/./gls/cv9/03b5e00c.cvo
                          Status: SUCCESSFUL

Install File:             /opt/informix/./gls/cv9/e00c03b5.cvo
                          Status: SUCCESSFUL

Install File:             /opt/informix/./gls/lc11/ko_kr/03b5.lco
                          Status: SUCCESSFUL

Install File:             /opt/informix/./gls/lc11/ko_kr/e00c.lco
                          Status: SUCCESSFUL

Install File:             /opt/informix/./gls/lc11/ko_kr/e01c.lco
                          Status: SUCCESSFUL

Install File:             /opt/informix/./gls/cm3/03a4.cmo
                          Status: SUCCESSFUL

Install File:             /opt/informix/./gls/cm3/e006.cmo
                          Status: SUCCESSFUL

Install File:             /opt/informix/./gls/cm3/e007.cmo
                          Status: SUCCESSFUL

Install File:             /opt/informix/./gls/cv9/03a4e006.cvo
                          Status: SUCCESSFUL

Install File:             /opt/informix/./gls/cv9/03a4e007.cvo
                          Status: SUCCESSFUL

Install File:             /opt/informix/./gls/cv9/e00603a4.cvo
                          Status: SUCCESSFUL

Install File:             /opt/informix/./gls/cv9/e006e007.cvo
                          Status: SUCCESSFUL

Install File:             /opt/informix/./gls/cv9/e00703a4.cvo
                          Status: SUCCESSFUL

Install File:             /opt/informix/./gls/cv9/e007e006.cvo
                          Status: SUCCESSFUL

Install File:             /opt/informix/./gls/lc11/ja_jp/03a4.lco
                          Status: SUCCESSFUL

Install File:             /opt/informix/./gls/lc11/ja_jp/e006.lco
                          Status: SUCCESSFUL

Install File:             /opt/informix/./gls/lc11/ja_jp/e007.lco
                          Status: SUCCESSFUL

Install File:             /opt/informix/./gls/lc11/ja_jp/e01c.lco
                          Status: SUCCESSFUL

Install File:             /opt/informix/./gls/lc11/th_th/e01d.lco
                          Status: SUCCESSFUL

Install File:             /opt/informix/./gls/cm3/e01d.cmo
                          Status: SUCCESSFUL

Install File:             /opt/informix/./gls/lc11/th_th/e01c.lco
                          Status: SUCCESSFUL

